<?xml version="1.0" encoding="UTF-8"?>
<testsuite name="TestMap" tests="2" skipped="0" failures="0" errors="0" timestamp="2020-08-28T20:23:02" hostname="DESKTOP-RR4I1PM" time="0.021">
  <properties/>
  <testcase name="testMap1()" classname="TestMap" time="0.019"/>
  <testcase name="testMap2()" classname="TestMap" time="0.001"/>
  <system-out><![CDATA[]]></system-out>
  <system-err><![CDATA[]]></system-err>
</testsuite>
