<?xml version="1.0" encoding="UTF-8"?>
<testsuite name="TestSong" tests="3" skipped="0" failures="0" errors="0" timestamp="2020-08-28T20:23:02" hostname="DESKTOP-RR4I1PM" time="0.016">
  <properties/>
  <testcase name="testSong1()" classname="TestSong" time="0.002"/>
  <testcase name="testSong2()" classname="TestSong" time="0.011"/>
  <testcase name="testSong3()" classname="TestSong" time="0.001"/>
  <system-out><![CDATA[]]></system-out>
  <system-err><![CDATA[]]></system-err>
</testsuite>
